{"/home/tom/Documents/Projects/packages/serverless-build-client/src/index.js": {"path":"/home/tom/Documents/Projects/packages/serverless-build-client/src/index.js","statementMap":{"0":{"start":{"line":1,"column":18},"end":{"line":1,"column":42}},"1":{"start":{"line":5,"column":4},"end":{"line":5,"column":33}},"2":{"start":{"line":6,"column":4},"end":{"line":6,"column":27}},"3":{"start":{"line":8,"column":4},"end":{"line":13,"column":6}},"4":{"start":{"line":15,"column":4},"end":{"line":19,"column":6}},"5":{"start":{"line":23,"column":4},"end":{"line":23,"column":65}},"6":{"start":{"line":24,"column":24},"end":{"line":24,"column":68}},"7":{"start":{"line":26,"column":4},"end":{"line":30,"column":5}},"8":{"start":{"line":27,"column":6},"end":{"line":29,"column":8}},"9":{"start":{"line":32,"column":4},"end":{"line":37,"column":7}},"10":{"start":{"line":33,"column":6},"end":{"line":35,"column":8}},"11":{"start":{"line":36,"column":6},"end":{"line":36,"column":52}},"12":{"start":{"line":41,"column":4},"end":{"line":41,"column":51}},"13":{"start":{"line":42,"column":4},"end":{"line":42,"column":53}},"14":{"start":{"line":46,"column":4},"end":{"line":46,"column":61}},"15":{"start":{"line":50,"column":18},"end":{"line":50,"column":42}},"16":{"start":{"line":53,"column":4},"end":{"line":55,"column":6}},"17":{"start":{"line":54,"column":6},"end":{"line":54,"column":53}},"18":{"start":{"line":56,"column":4},"end":{"line":58,"column":7}},"19":{"start":{"line":57,"column":6},"end":{"line":57,"column":70}},"20":{"start":{"line":59,"column":4},"end":{"line":59,"column":70}},"21":{"start":{"line":59,"column":31},"end":{"line":59,"column":67}},"22":{"start":{"line":63,"column":0},"end":{"line":63,"column":45}}},"fnMap":{"0":{"name":"(anonymous_0)","decl":{"start":{"line":4,"column":2},"end":{"line":4,"column":3}},"loc":{"start":{"line":4,"column":35},"end":{"line":20,"column":3}},"line":4},"1":{"name":"(anonymous_1)","decl":{"start":{"line":22,"column":2},"end":{"line":22,"column":3}},"loc":{"start":{"line":22,"column":22},"end":{"line":38,"column":3}},"line":22},"2":{"name":"(anonymous_2)","decl":{"start":{"line":32,"column":37},"end":{"line":32,"column":38}},"loc":{"start":{"line":32,"column":49},"end":{"line":37,"column":5}},"line":32},"3":{"name":"(anonymous_3)","decl":{"start":{"line":40,"column":2},"end":{"line":40,"column":3}},"loc":{"start":{"line":40,"column":16},"end":{"line":43,"column":3}},"line":40},"4":{"name":"(anonymous_4)","decl":{"start":{"line":45,"column":2},"end":{"line":45,"column":3}},"loc":{"start":{"line":45,"column":21},"end":{"line":47,"column":3}},"line":45},"5":{"name":"(anonymous_5)","decl":{"start":{"line":49,"column":2},"end":{"line":49,"column":3}},"loc":{"start":{"line":49,"column":32},"end":{"line":60,"column":3}},"line":49},"6":{"name":"(anonymous_6)","decl":{"start":{"line":53,"column":28},"end":{"line":53,"column":29}},"loc":{"start":{"line":54,"column":6},"end":{"line":54,"column":53}},"line":54},"7":{"name":"(anonymous_7)","decl":{"start":{"line":56,"column":28},"end":{"line":56,"column":29}},"loc":{"start":{"line":56,"column":36},"end":{"line":58,"column":5}},"line":56},"8":{"name":"(anonymous_8)","decl":{"start":{"line":59,"column":22},"end":{"line":59,"column":23}},"loc":{"start":{"line":59,"column":31},"end":{"line":59,"column":67}},"line":59}},"branchMap":{"0":{"loc":{"start":{"line":26,"column":4},"end":{"line":30,"column":5}},"type":"if","locations":[{"start":{"line":26,"column":4},"end":{"line":30,"column":5}},{"start":{"line":26,"column":4},"end":{"line":30,"column":5}}],"line":26},"1":{"loc":{"start":{"line":59,"column":31},"end":{"line":59,"column":67}},"type":"cond-expr","locations":[{"start":{"line":59,"column":44},"end":{"line":59,"column":53}},{"start":{"line":59,"column":56},"end":{"line":59,"column":67}}],"line":59}},"s":{"0":1,"1":9,"2":9,"3":9,"4":9,"5":4,"6":4,"7":4,"8":1,"9":3,"10":3,"11":3,"12":1,"13":1,"14":1,"15":3,"16":3,"17":2,"18":3,"19":2,"20":3,"21":2,"22":1},"f":{"0":9,"1":4,"2":3,"3":1,"4":1,"5":3,"6":2,"7":2,"8":2},"b":{"0":[1,3],"1":[1,1]},"_coverageSchema":"332fd63041d2c1bcb487cc26dd0d5f7d97098a6c","hash":"cb944721295f1cacbd70619ded3434a35078d1f4"}
}
