TN:
SF:/home/tom/Documents/Projects/packages/serverless-build-client/src/index.js
FN:4,(anonymous_0)
FN:22,(anonymous_1)
FN:32,(anonymous_2)
FN:40,(anonymous_3)
FN:45,(anonymous_4)
FN:49,(anonymous_5)
FN:53,(anonymous_6)
FN:56,(anonymous_7)
FN:59,(anonymous_8)
FNF:9
FNH:9
FNDA:9,(anonymous_0)
FNDA:4,(anonymous_1)
FNDA:3,(anonymous_2)
FNDA:1,(anonymous_3)
FNDA:1,(anonymous_4)
FNDA:3,(anonymous_5)
FNDA:2,(anonymous_6)
FNDA:2,(anonymous_7)
FNDA:2,(anonymous_8)
DA:1,1
DA:5,9
DA:6,9
DA:8,9
DA:15,9
DA:23,4
DA:24,4
DA:26,4
DA:27,1
DA:32,3
DA:33,3
DA:36,3
DA:41,1
DA:42,1
DA:46,1
DA:50,3
DA:53,3
DA:54,2
DA:56,3
DA:57,2
DA:59,3
DA:63,1
LF:22
LH:22
BRDA:26,0,0,1
BRDA:26,0,1,3
BRDA:59,1,0,1
BRDA:59,1,1,1
BRF:4
BRH:4
end_of_record
